# JRE version: Java(TM) SE Runtime Environment (22.0.1+8) (build 22.0.1+8-16)
# Java VM: Java HotSpot(TM) 64-Bit Server VM (22.0.1+8-16, mixed mode, sharing, tiered, compressed oops, compressed class ptrs, g1 gc, windows-amd64)
GC Precious Log:
 CardTable entry size: 512
 Card Set container configuration: InlinePtr #cards 4 size 8 Array Of Cards #cards 16 size 48 Howl #buckets 8 coarsen threshold 3686 Howl Bitmap #cards 512 size 80 coarsen threshold 460 Card regions per heap region 1 cards per card region 4096
 CPUs: 32 total, 32 available
 Memory: 16191M
 Large Page Support: Disabled
 NUMA Support: Disabled
 Compressed Oops: Enabled (Zero based)
 Heap Region Size: 2M
 Heap Min Capacity: 8M
 Heap Initial Capacity: 254M
 Heap Max Capacity: 4048M
 Pre-touch: Disabled
 Parallel Workers: 23
 Concurrent Workers: 6
 Concurrent Refinement Workers: 23
 Periodic GC: Disabled
Heap:
 garbage-first heap   total reserved 4145152K, committed 77824K, used 45101K [0x0000000703000000, 0x0000000800000000)
  region size 2048K, 12 young (24576K), 3 survivors (6144K)
 Metaspace       used 68221K, committed 68928K, reserved 1114112K
  class space    used 9363K, committed 9664K, reserved 1048576K
GC Heap History (18 events):
Event: 0.245 GC heap before
{Heap before GC invocations=0 (full 0):
 garbage-first heap   total reserved 4145152K, committed 260096K, used 22528K [0x0000000703000000, 0x0000000800000000)
  region size 2048K, 12 young (24576K), 0 survivors (0K)
 Metaspace       used 5082K, committed 5248K, reserved 1114112K
  class space    used 573K, committed 640K, reserved 1048576K
}
Event: 0.247 GC heap after
{Heap after GC invocations=1 (full 0):
 garbage-first heap   total reserved 4145152K, committed 260096K, used 6542K [0x0000000703000000, 0x0000000800000000)
  region size 2048K, 2 young (4096K), 2 survivors (4096K)
 Metaspace       used 5082K, committed 5248K, reserved 1114112K
  class space    used 573K, committed 640K, reserved 1048576K
}
Event: 0.490 GC heap before
{Heap before GC invocations=1 (full 0):
 garbage-first heap   total reserved 4145152K, committed 260096K, used 39310K [0x0000000703000000, 0x0000000800000000)
  region size 2048K, 18 young (36864K), 2 survivors (4096K)
 Metaspace       used 14945K, committed 15232K, reserved 1114112K
  class space    used 1769K, committed 1920K, reserved 1048576K
}
Event: 0.494 GC heap after
{Heap after GC invocations=2 (full 0):
 garbage-first heap   total reserved 4145152K, committed 260096K, used 9842K [0x0000000703000000, 0x0000000800000000)
  region size 2048K, 2 young (4096K), 2 survivors (4096K)
 Metaspace       used 14945K, committed 15232K, reserved 1114112K
  class space    used 1769K, committed 1920K, reserved 1048576K
}
Event: 0.837 GC heap before
{Heap before GC invocations=2 (full 0):
 garbage-first heap   total reserved 4145152K, committed 260096K, used 50802K [0x0000000703000000, 0x0000000800000000)
  region size 2048K, 24 young (49152K), 2 survivors (4096K)
 Metaspace       used 21256K, committed 21504K, reserved 1114112K
  class space    used 2587K, committed 2688K, reserved 1048576K
}
Event: 0.841 GC heap after
{Heap after GC invocations=3 (full 0):
 garbage-first heap   total reserved 4145152K, committed 260096K, used 13613K [0x0000000703000000, 0x0000000800000000)
  region size 2048K, 4 young (8192K), 4 survivors (8192K)
 Metaspace       used 21256K, committed 21504K, reserved 1114112K
  class space    used 2587K, committed 2688K, reserved 1048576K
}
Event: 1.178 GC heap before
{Heap before GC invocations=4 (full 0):
 garbage-first heap   total reserved 4145152K, committed 55296K, used 52525K [0x0000000703000000, 0x0000000800000000)
  region size 2048K, 23 young (47104K), 4 survivors (8192K)
 Metaspace       used 27032K, committed 27456K, reserved 1114112K
  class space    used 3420K, committed 3584K, reserved 1048576K
}
Event: 1.182 GC heap after
{Heap after GC invocations=5 (full 0):
 garbage-first heap   total reserved 4145152K, committed 65536K, used 16534K [0x0000000703000000, 0x0000000800000000)
  region size 2048K, 5 young (10240K), 5 survivors (10240K)
 Metaspace       used 27032K, committed 27456K, reserved 1114112K
  class space    used 3420K, committed 3584K, reserved 1048576K
}
Event: 1.432 GC heap before
{Heap before GC invocations=5 (full 0):
 garbage-first heap   total reserved 4145152K, committed 65536K, used 45206K [0x0000000703000000, 0x0000000800000000)
  region size 2048K, 19 young (38912K), 5 survivors (10240K)
 Metaspace       used 30528K, committed 31104K, reserved 1114112K
  class space    used 3891K, committed 4160K, reserved 1048576K
}
Event: 1.435 GC heap after
{Heap after GC invocations=6 (full 0):
 garbage-first heap   total reserved 4145152K, committed 65536K, used 18591K [0x0000000703000000, 0x0000000800000000)
  region size 2048K, 3 young (6144K), 3 survivors (6144K)
 Metaspace       used 30528K, committed 31104K, reserved 1114112K
  class space    used 3891K, committed 4160K, reserved 1048576K
}
Event: 1.603 GC heap before
{Heap before GC invocations=6 (full 0):
 garbage-first heap   total reserved 4145152K, committed 65536K, used 34975K [0x0000000703000000, 0x0000000800000000)
  region size 2048K, 12 young (24576K), 3 survivors (6144K)
 Metaspace       used 35480K, committed 35968K, reserved 1114112K
  class space    used 4626K, committed 4864K, reserved 1048576K
}
Event: 1.606 GC heap after
{Heap after GC invocations=7 (full 0):
 garbage-first heap   total reserved 4145152K, committed 98304K, used 19911K [0x0000000703000000, 0x0000000800000000)
  region size 2048K, 2 young (4096K), 2 survivors (4096K)
 Metaspace       used 35480K, committed 35968K, reserved 1114112K
  class space    used 4626K, committed 4864K, reserved 1048576K
}
Event: 2.120 GC heap before
{Heap before GC invocations=8 (full 0):
 garbage-first heap   total reserved 4145152K, committed 69632K, used 69063K [0x0000000703000000, 0x0000000800000000)
  region size 2048K, 26 young (53248K), 2 survivors (4096K)
 Metaspace       used 52664K, committed 53248K, reserved 1114112K
  class space    used 7007K, committed 7296K, reserved 1048576K
}
Event: 2.124 GC heap after
{Heap after GC invocations=9 (full 0):
 garbage-first heap   total reserved 4145152K, committed 77824K, used 23549K [0x0000000703000000, 0x0000000800000000)
  region size 2048K, 4 young (8192K), 4 survivors (8192K)
 Metaspace       used 52664K, committed 53248K, reserved 1114112K
  class space    used 7007K, committed 7296K, reserved 1048576K
}
Event: 2.353 GC heap before
{Heap before GC invocations=9 (full 0):
 garbage-first heap   total reserved 4145152K, committed 77824K, used 50173K [0x0000000703000000, 0x0000000800000000)
  region size 2048K, 18 young (36864K), 4 survivors (8192K)
 Metaspace       used 59515K, committed 60160K, reserved 1114112K
  class space    used 8088K, committed 8384K, reserved 1048576K
}
Event: 2.357 GC heap after
{Heap after GC invocations=10 (full 0):
 garbage-first heap   total reserved 4145152K, committed 77824K, used 24779K [0x0000000703000000, 0x0000000800000000)
  region size 2048K, 1 young (2048K), 1 survivors (2048K)
 Metaspace       used 59515K, committed 60160K, reserved 1114112K
  class space    used 8088K, committed 8384K, reserved 1048576K
}
Event: 2.844 GC heap before
{Heap before GC invocations=11 (full 0):
 garbage-first heap   total reserved 4145152K, committed 77824K, used 65739K [0x0000000703000000, 0x0000000800000000)
  region size 2048K, 21 young (43008K), 1 survivors (2048K)
 Metaspace       used 66192K, committed 66880K, reserved 1114112K
  class space    used 9056K, committed 9344K, reserved 1048576K
}
Event: 2.846 GC heap after
{Heap after GC invocations=12 (full 0):
 garbage-first heap   total reserved 4145152K, committed 77824K, used 28717K [0x0000000703000000, 0x0000000800000000)
  region size 2048K, 3 young (6144K), 3 survivors (6144K)
 Metaspace       used 66192K, committed 66880K, reserved 1114112K
  class space    used 9056K, committed 9344K, reserved 1048576K
}

